Using pre-set license
Built from '2020.2/release' branch; Version is '2020.2.0f1 (3721df5a8b28) revision 3613151'; Using compiler version '192528614'; Build Type 'Release'
OS: 'Windows 10  (10.0.0) 64bit' Language: 'en' Physical Memory: 8046 MB
BatchMode: 1, IsHumanControllingUs: 0, StartBugReporterOnCrash: 0, Is64bit: 1, IsPro: 0

 COMMAND LINE ARGUMENTS:
C:\Program Files\Unity\Hub\Editor\2020.2.0f1\Editor\Unity.exe
-adb2
-batchMode
-noUpm
-name
AssetImportWorker0
-projectPath
F:/Fisica/New Unity Project
-logFile
Logs/AssetImportWorker0.log
-srvPort
64642
Successfully changed project path to: F:/Fisica/New Unity Project
F:/Fisica/New Unity Project
Using Asset Import Pipeline V2.
Refreshing native plugins compatible for Editor in 98.87 ms, found 0 plugins.
Preloading 0 native plugins for Editor in 0.00 ms.
Initialize engine version: 2020.2.0f1 (3721df5a8b28)
[Subsystems] Discovering subsystems at path C:/Program Files/Unity/Hub/Editor/2020.2.0f1/Editor/Data/Resources/UnitySubsystems
[Subsystems] Discovering subsystems at path F:/Fisica/New Unity Project/Assets
GfxDevice: creating device client; threaded=0
Direct3D:
    Version:  Direct3D 11.0 [level 11.1]
    Renderer: NVIDIA GeForce GTX 1050 Ti (ID=0x1c8c)
    Vendor:   
    VRAM:     4021 MB
    Driver:   27.21.14.6109
Initialize mono
Mono path[0] = 'C:/Program Files/Unity/Hub/Editor/2020.2.0f1/Editor/Data/Managed'
Mono path[1] = 'C:/Program Files/Unity/Hub/Editor/2020.2.0f1/Editor/Data/MonoBleedingEdge/lib/mono/unityjit'
Mono config path = 'C:/Program Files/Unity/Hub/Editor/2020.2.0f1/Editor/Data/MonoBleedingEdge/etc'
Using monoOptions --debugger-agent=transport=dt_socket,embedding=1,server=y,suspend=n,address=127.0.0.1:56560
Begin MonoManager ReloadAssembly
Registering precompiled unity dll's ...
Register platform support module: C:/Program Files/Unity/Hub/Editor/2020.2.0f1/Editor/Data/PlaybackEngines/WindowsStandaloneSupport/UnityEditor.WindowsStandalone.Extensions.dll
Registered in 0.004035 seconds.
Native extension for WindowsStandalone target not found
Refreshing native plugins compatible for Editor in 53.22 ms, found 0 plugins.
Preloading 0 native plugins for Editor in 0.00 ms.
Invoked RoslynAnalysisRunner static constructor.
RoslynAnalysisRunner will not be running.
RoslynAnalysisRunner has terminated.
Mono: successfully reloaded assembly
- Completed reload, in  6.484 seconds
Platform modules already initialized, skipping
Registering precompiled user dll's ...
Registered in 0.001941 seconds.
Begin MonoManager ReloadAssembly
Native extension for WindowsStandalone target not found
Refreshing native plugins compatible for Editor in 0.47 ms, found 0 plugins.
Preloading 0 native plugins for Editor in 0.00 ms.
Invoked RoslynAnalysisRunner static constructor.
RoslynAnalysisRunner will not be running.
RoslynAnalysisRunner has terminated.
Mono: successfully reloaded assembly
- Completed reload, in  2.420 seconds
Platform modules already initialized, skipping
========================================================================
Worker process is ready to serve import requests
Launched and connected shader compiler UnityShaderCompiler.exe after 0.23 seconds
Refreshing native plugins compatible for Editor in 0.51 ms, found 0 plugins.
Preloading 0 native plugins for Editor in 0.00 ms.
Unloading 1094 Unused Serialized files (Serialized files now loaded: 0)
System memory in use before: 55.9 MB.
System memory in use after: 55.9 MB.

Unloading 10 unused Assets to reduce memory usage. Loaded Objects now: 1533.
Total: 5.956300 ms (FindLiveObjects: 0.565800 ms CreateObjectMapping: 0.225300 ms MarkObjects: 5.038100 ms  DeleteObjects: 0.123300 ms)

========================================================================
Received Import Request.
  path: Assets/Mio
  artifactKey: Guid(ff65252f911687b42b8b5becaaabfd9f) Importer(815301076,1909f56bfc062723c751e8b465ee728b)
Start importing Assets/Mio using Guid(ff65252f911687b42b8b5becaaabfd9f) Importer(815301076,1909f56bfc062723c751e8b465ee728b)  -> (artifact id: '2869690eb3df4dfa10fbc2155b4f4018') in 0.133156 seconds
  Import took 0.182864 seconds .

========================================================================
Received Import Request.
  Time since last request: 4.098706 seconds.
  path: Assets/Mio/Objetos
  artifactKey: Guid(aa3e81b7cd1a5444594da5553b888a19) Importer(815301076,1909f56bfc062723c751e8b465ee728b)
Start importing Assets/Mio/Objetos using Guid(aa3e81b7cd1a5444594da5553b888a19) Importer(815301076,1909f56bfc062723c751e8b465ee728b)  -> (artifact id: '26719cccce54185b49735591ebffeadb') in 0.026684 seconds
  Import took 0.033206 seconds .

========================================================================
Received Import Request.
  Time since last request: 86.769309 seconds.
  path: Assets/Mio/Scripts
  artifactKey: Guid(1f1d2d13b6bf4244290717efa40009bd) Importer(815301076,1909f56bfc062723c751e8b465ee728b)
Start importing Assets/Mio/Scripts using Guid(1f1d2d13b6bf4244290717efa40009bd) Importer(815301076,1909f56bfc062723c751e8b465ee728b)  -> (artifact id: '6ca67c3d21b7c6bff225d98d7f987e85') in 0.043397 seconds
  Import took 0.064231 seconds .

========================================================================
Received Import Request.
  Time since last request: 12.937921 seconds.
  path: Assets/Mio/Scripts/Scr_Bola.cs
  artifactKey: Guid(bb8f4ad1f587f5947855f466573d99fc) Importer(815301076,1909f56bfc062723c751e8b465ee728b)
Start importing Assets/Mio/Scripts/Scr_Bola.cs using Guid(bb8f4ad1f587f5947855f466573d99fc) Importer(815301076,1909f56bfc062723c751e8b465ee728b)  -> (artifact id: '1ec7e4586201fbdff11c839d4273c766') in 0.110512 seconds
  Import took 0.124806 seconds .

========================================================================
Received Prepare
Registering precompiled user dll's ...
Registered in 0.001271 seconds.
Begin MonoManager ReloadAssembly
Native extension for WindowsStandalone target not found
Refreshing native plugins compatible for Editor in 0.73 ms, found 0 plugins.
Preloading 0 native plugins for Editor in 0.00 ms.
Invoked RoslynAnalysisRunner static constructor.
RoslynAnalysisRunner will not be running.
RoslynAnalysisRunner has terminated.
Mono: successfully reloaded assembly
- Completed reload, in  1.581 seconds
Platform modules already initialized, skipping
Refreshing native plugins compatible for Editor in 0.41 ms, found 0 plugins.
Preloading 0 native plugins for Editor in 0.00 ms.
Unloading 1090 Unused Serialized files (Serialized files now loaded: 0)
System memory in use before: 55.9 MB.
System memory in use after: 56.0 MB.

Unloading 5 unused Assets to reduce memory usage. Loaded Objects now: 1536.
Total: 2.967900 ms (FindLiveObjects: 0.227700 ms CreateObjectMapping: 0.067500 ms MarkObjects: 2.604100 ms  DeleteObjects: 0.067000 ms)

========================================================================
Received Prepare
Registering precompiled user dll's ...
Registered in 0.001709 seconds.
Begin MonoManager ReloadAssembly
Native extension for WindowsStandalone target not found
Refreshing native plugins compatible for Editor in 0.31 ms, found 0 plugins.
Preloading 0 native plugins for Editor in 0.00 ms.
Invoked RoslynAnalysisRunner static constructor.
RoslynAnalysisRunner will not be running.
RoslynAnalysisRunner has terminated.
Mono: successfully reloaded assembly
- Completed reload, in  2.031 seconds
Platform modules already initialized, skipping
Refreshing native plugins compatible for Editor in 0.51 ms, found 0 plugins.
Preloading 0 native plugins for Editor in 0.00 ms.
Unloading 1090 Unused Serialized files (Serialized files now loaded: 0)
System memory in use before: 56.0 MB.
System memory in use after: 56.1 MB.

Unloading 5 unused Assets to reduce memory usage. Loaded Objects now: 1538.
Total: 5.760300 ms (FindLiveObjects: 0.385600 ms CreateObjectMapping: 0.152500 ms MarkObjects: 5.094700 ms  DeleteObjects: 0.124200 ms)

========================================================================
Received Import Request.
  Time since last request: 428.719743 seconds.
  path: Assets/Mio/Materiales
  artifactKey: Guid(0971564d9f06b684cb17a73a13c03ca3) Importer(815301076,1909f56bfc062723c751e8b465ee728b)
Start importing Assets/Mio/Materiales using Guid(0971564d9f06b684cb17a73a13c03ca3) Importer(815301076,1909f56bfc062723c751e8b465ee728b)  -> (artifact id: '1d40a15a3066bd0fa65d6b1b24f31317') in 0.054079 seconds
  Import took 0.063836 seconds .

========================================================================
Received Import Request.
  Time since last request: 11.918093 seconds.
  path: Assets/Mio/Materiales/Material1.physicMaterial
  artifactKey: Guid(8e905ac9fd219784fa02415db1acf8dc) Importer(815301076,1909f56bfc062723c751e8b465ee728b)
Start importing Assets/Mio/Materiales/Material1.physicMaterial using Guid(8e905ac9fd219784fa02415db1acf8dc) Importer(815301076,1909f56bfc062723c751e8b465ee728b)  -> (artifact id: 'c0302365ffb7fc267de47a18d8ab7dcc') in 0.056088 seconds
  Import took 0.060937 seconds .

========================================================================
Received Prepare
Registering precompiled user dll's ...
Registered in 0.002470 seconds.
Begin MonoManager ReloadAssembly
Native extension for WindowsStandalone target not found
Refreshing native plugins compatible for Editor in 0.57 ms, found 0 plugins.
Preloading 0 native plugins for Editor in 0.00 ms.
Invoked RoslynAnalysisRunner static constructor.
RoslynAnalysisRunner will not be running.
RoslynAnalysisRunner has terminated.
Mono: successfully reloaded assembly
- Completed reload, in  2.532 seconds
Platform modules already initialized, skipping
Refreshing native plugins compatible for Editor in 0.71 ms, found 0 plugins.
Preloading 0 native plugins for Editor in 0.00 ms.
Unloading 1090 Unused Serialized files (Serialized files now loaded: 0)
System memory in use before: 56.1 MB.
System memory in use after: 56.2 MB.

Unloading 5 unused Assets to reduce memory usage. Loaded Objects now: 1540.
Total: 5.099200 ms (FindLiveObjects: 0.412600 ms CreateObjectMapping: 0.110400 ms MarkObjects: 4.436200 ms  DeleteObjects: 0.136400 ms)

========================================================================
Received Import Request.
  Time since last request: 200.502965 seconds.
  path: Assets/Mio/Scripts/Scr_Material.cs
  artifactKey: Guid(b12aeaa380f3d854db544ae1fc5075d9) Importer(815301076,1909f56bfc062723c751e8b465ee728b)
Start importing Assets/Mio/Scripts/Scr_Material.cs using Guid(b12aeaa380f3d854db544ae1fc5075d9) Importer(815301076,1909f56bfc062723c751e8b465ee728b)  -> (artifact id: '823c59b7f9c8959a7feb9f76265ab534') in 0.073723 seconds
  Import took 0.091131 seconds .

========================================================================
Received Prepare
Registering precompiled user dll's ...
Registered in 0.001380 seconds.
Begin MonoManager ReloadAssembly
Native extension for WindowsStandalone target not found
Refreshing native plugins compatible for Editor in 0.37 ms, found 0 plugins.
Preloading 0 native plugins for Editor in 0.00 ms.
Invoked RoslynAnalysisRunner static constructor.
RoslynAnalysisRunner will not be running.
RoslynAnalysisRunner has terminated.
Mono: successfully reloaded assembly
- Completed reload, in  1.833 seconds
Platform modules already initialized, skipping
Refreshing native plugins compatible for Editor in 0.37 ms, found 0 plugins.
Preloading 0 native plugins for Editor in 0.00 ms.
Unloading 1091 Unused Serialized files (Serialized files now loaded: 0)
System memory in use before: 56.3 MB.
System memory in use after: 56.3 MB.

Unloading 5 unused Assets to reduce memory usage. Loaded Objects now: 1543.
Total: 3.320600 ms (FindLiveObjects: 0.253800 ms CreateObjectMapping: 0.089100 ms MarkObjects: 2.887000 ms  DeleteObjects: 0.088700 ms)

========================================================================
Received Import Request.
  Time since last request: 59.913967 seconds.
  path: Assets/Mio/Scripts/Scr_Material.cs
  artifactKey: Guid(b12aeaa380f3d854db544ae1fc5075d9) Importer(815301076,1909f56bfc062723c751e8b465ee728b)
Start importing Assets/Mio/Scripts/Scr_Material.cs using Guid(b12aeaa380f3d854db544ae1fc5075d9) Importer(815301076,1909f56bfc062723c751e8b465ee728b)  -> (artifact id: '86165aef1a0b1e09d1ee36fda0f36d96') in 0.118485 seconds
  Import took 0.152184 seconds .

========================================================================
Received Prepare
Registering precompiled user dll's ...
Registered in 0.001365 seconds.
Begin MonoManager ReloadAssembly
Native extension for WindowsStandalone target not found
Refreshing native plugins compatible for Editor in 0.35 ms, found 0 plugins.
Preloading 0 native plugins for Editor in 0.00 ms.
Invoked RoslynAnalysisRunner static constructor.
RoslynAnalysisRunner will not be running.
RoslynAnalysisRunner has terminated.
Mono: successfully reloaded assembly
- Completed reload, in  1.645 seconds
Platform modules already initialized, skipping
Refreshing native plugins compatible for Editor in 0.28 ms, found 0 plugins.
Preloading 0 native plugins for Editor in 0.00 ms.
Unloading 1091 Unused Serialized files (Serialized files now loaded: 0)
System memory in use before: 56.3 MB.
System memory in use after: 56.4 MB.

Unloading 5 unused Assets to reduce memory usage. Loaded Objects now: 1545.
Total: 3.023700 ms (FindLiveObjects: 0.192800 ms CreateObjectMapping: 0.057800 ms MarkObjects: 2.709900 ms  DeleteObjects: 0.061400 ms)

========================================================================
Received Prepare
Registering precompiled user dll's ...
Registered in 0.001408 seconds.
Begin MonoManager ReloadAssembly
Native extension for WindowsStandalone target not found
Refreshing native plugins compatible for Editor in 0.29 ms, found 0 plugins.
Preloading 0 native plugins for Editor in 0.00 ms.
Invoked RoslynAnalysisRunner static constructor.
RoslynAnalysisRunner will not be running.
RoslynAnalysisRunner has terminated.
Mono: successfully reloaded assembly
- Completed reload, in  1.731 seconds
Platform modules already initialized, skipping
Refreshing native plugins compatible for Editor in 0.29 ms, found 0 plugins.
Preloading 0 native plugins for Editor in 0.00 ms.
Unloading 1091 Unused Serialized files (Serialized files now loaded: 0)
System memory in use before: 56.4 MB.
System memory in use after: 56.5 MB.

Unloading 5 unused Assets to reduce memory usage. Loaded Objects now: 1547.
Total: 2.670100 ms (FindLiveObjects: 0.302100 ms CreateObjectMapping: 0.098000 ms MarkObjects: 2.180100 ms  DeleteObjects: 0.087900 ms)

========================================================================
Received Prepare
Registering precompiled user dll's ...
Registered in 0.001275 seconds.
Begin MonoManager ReloadAssembly
Native extension for WindowsStandalone target not found
Refreshing native plugins compatible for Editor in 0.28 ms, found 0 plugins.
Preloading 0 native plugins for Editor in 0.00 ms.
Invoked RoslynAnalysisRunner static constructor.
RoslynAnalysisRunner will not be running.
RoslynAnalysisRunner has terminated.
Mono: successfully reloaded assembly
- Completed reload, in  1.825 seconds
Platform modules already initialized, skipping
Refreshing native plugins compatible for Editor in 0.34 ms, found 0 plugins.
Preloading 0 native plugins for Editor in 0.00 ms.
Unloading 1091 Unused Serialized files (Serialized files now loaded: 0)
System memory in use before: 56.5 MB.
System memory in use after: 56.5 MB.

Unloading 5 unused Assets to reduce memory usage. Loaded Objects now: 1549.
Total: 3.231000 ms (FindLiveObjects: 0.215200 ms CreateObjectMapping: 0.066700 ms MarkObjects: 2.857400 ms  DeleteObjects: 0.089800 ms)

========================================================================
Received Prepare
Registering precompiled user dll's ...
Registered in 0.002842 seconds.
Begin MonoManager ReloadAssembly
Native extension for WindowsStandalone target not found
Refreshing native plugins compatible for Editor in 0.79 ms, found 0 plugins.
Preloading 0 native plugins for Editor in 0.00 ms.
Invoked RoslynAnalysisRunner static constructor.
RoslynAnalysisRunner will not be running.
RoslynAnalysisRunner has terminated.
Mono: successfully reloaded assembly
- Completed reload, in  1.691 seconds
Platform modules already initialized, skipping
Refreshing native plugins compatible for Editor in 0.58 ms, found 0 plugins.
Preloading 0 native plugins for Editor in 0.00 ms.
Unloading 1091 Unused Serialized files (Serialized files now loaded: 0)
System memory in use before: 56.5 MB.
System memory in use after: 56.6 MB.

Unloading 5 unused Assets to reduce memory usage. Loaded Objects now: 1551.
Total: 6.485200 ms (FindLiveObjects: 0.648200 ms CreateObjectMapping: 0.219100 ms MarkObjects: 5.295400 ms  DeleteObjects: 0.316800 ms)

========================================================================
Received Prepare
Registering precompiled user dll's ...
Registered in 0.003040 seconds.
Begin MonoManager ReloadAssembly
Native extension for WindowsStandalone target not found
Refreshing native plugins compatible for Editor in 0.61 ms, found 0 plugins.
Preloading 0 native plugins for Editor in 0.00 ms.
Invoked RoslynAnalysisRunner static constructor.
RoslynAnalysisRunner will not be running.
RoslynAnalysisRunner has terminated.
Mono: successfully reloaded assembly
- Completed reload, in  2.577 seconds
Platform modules already initialized, skipping
Refreshing native plugins compatible for Editor in 0.67 ms, found 0 plugins.
Preloading 0 native plugins for Editor in 0.00 ms.
Unloading 1091 Unused Serialized files (Serialized files now loaded: 0)
System memory in use before: 56.6 MB.
System memory in use after: 56.7 MB.

Unloading 5 unused Assets to reduce memory usage. Loaded Objects now: 1553.
Total: 5.831300 ms (FindLiveObjects: 0.554000 ms CreateObjectMapping: 0.144500 ms MarkObjects: 5.015700 ms  DeleteObjects: 0.112800 ms)

========================================================================
Received Prepare
Registering precompiled user dll's ...
Registered in 0.001734 seconds.
Begin MonoManager ReloadAssembly
Native extension for WindowsStandalone target not found
Refreshing native plugins compatible for Editor in 0.29 ms, found 0 plugins.
Preloading 0 native plugins for Editor in 0.00 ms.
Invoked RoslynAnalysisRunner static constructor.
RoslynAnalysisRunner will not be running.
RoslynAnalysisRunner has terminated.
Mono: successfully reloaded assembly
- Completed reload, in  1.757 seconds
Platform modules already initialized, skipping
Refreshing native plugins compatible for Editor in 0.36 ms, found 0 plugins.
Preloading 0 native plugins for Editor in 0.00 ms.
Unloading 1091 Unused Serialized files (Serialized files now loaded: 0)
System memory in use before: 56.7 MB.
System memory in use after: 56.8 MB.

Unloading 5 unused Assets to reduce memory usage. Loaded Objects now: 1555.
Total: 3.478500 ms (FindLiveObjects: 0.225000 ms CreateObjectMapping: 0.074100 ms MarkObjects: 3.002000 ms  DeleteObjects: 0.175900 ms)

========================================================================
Received Import Request.
  Time since last request: 816.397185 seconds.
  path: Assets/Mio/Materiales/Rojo.mat
  artifactKey: Guid(de029d8f8bc01de41ba6d72b218913a6) Importer(815301076,1909f56bfc062723c751e8b465ee728b)
Start importing Assets/Mio/Materiales/Rojo.mat using Guid(de029d8f8bc01de41ba6d72b218913a6) Importer(815301076,1909f56bfc062723c751e8b465ee728b)  -> (artifact id: '66b6eef37fcb131c863b637d2fa9983a') in 0.541604 seconds
  Import took 0.550159 seconds .

========================================================================
Received Import Request.
  Time since last request: 11.159429 seconds.
  path: Assets/Mio/Materiales/Material1.physicMaterial
  artifactKey: Guid(8e905ac9fd219784fa02415db1acf8dc) Importer(815301076,1909f56bfc062723c751e8b465ee728b)
Start importing Assets/Mio/Materiales/Material1.physicMaterial using Guid(8e905ac9fd219784fa02415db1acf8dc) Importer(815301076,1909f56bfc062723c751e8b465ee728b)  -> (artifact id: 'ec360f89210555922a3c8c47c74517f1') in 0.048571 seconds
  Import took 0.061147 seconds .

========================================================================
Received Import Request.
  Time since last request: 0.000860 seconds.
  path: Assets/Mio/Materiales/Rojo.mat
  artifactKey: Guid(de029d8f8bc01de41ba6d72b218913a6) Importer(815301076,1909f56bfc062723c751e8b465ee728b)
Start importing Assets/Mio/Materiales/Rojo.mat using Guid(de029d8f8bc01de41ba6d72b218913a6) Importer(815301076,1909f56bfc062723c751e8b465ee728b)  -> (artifact id: '44c2d40cc260ad0e24379f350832fa5d') in 0.064199 seconds
  Import took 0.108903 seconds .

========================================================================
Received Import Request.
  Time since last request: 139.800461 seconds.
  path: Assets/Mio/Materiales/Blanco.mat
  artifactKey: Guid(c6ce5a210a699a54297465539940e229) Importer(815301076,1909f56bfc062723c751e8b465ee728b)
Start importing Assets/Mio/Materiales/Blanco.mat using Guid(c6ce5a210a699a54297465539940e229) Importer(815301076,1909f56bfc062723c751e8b465ee728b)  -> (artifact id: '4f67219e870b72b09223fe18249727dc') in 0.070350 seconds
  Import took 0.085859 seconds .

========================================================================
Received Import Request.
  Time since last request: 0.922294 seconds.
  path: Assets/Mio/Materiales/Rojo 1.mat
  artifactKey: Guid(41b5e8e6b085ac84b8024e9f6a6ffd25) Importer(815301076,1909f56bfc062723c751e8b465ee728b)
Start importing Assets/Mio/Materiales/Rojo 1.mat using Guid(41b5e8e6b085ac84b8024e9f6a6ffd25) Importer(815301076,1909f56bfc062723c751e8b465ee728b)  -> (artifact id: 'fc57e54836ec30bb6843df7f2a18b689') in 0.076322 seconds
  Import took 0.106329 seconds .

========================================================================
Received Import Request.
  Time since last request: 37.529162 seconds.
  path: Assets/Mio/Materiales/Amarillo.mat
  artifactKey: Guid(c6ce5a210a699a54297465539940e229) Importer(815301076,1909f56bfc062723c751e8b465ee728b)
Start importing Assets/Mio/Materiales/Amarillo.mat using Guid(c6ce5a210a699a54297465539940e229) Importer(815301076,1909f56bfc062723c751e8b465ee728b)  -> (artifact id: 'c5f9bb29885952255cf15677c28a2cd6') in 0.073943 seconds
  Import took 0.081886 seconds .

========================================================================
Received Import Request.
  Time since last request: 0.000830 seconds.
  path: Assets/Mio/Materiales/Material1 1.physicMaterial
  artifactKey: Guid(16332498d60e56b4f940fe9f76a07206) Importer(815301076,1909f56bfc062723c751e8b465ee728b)
Start importing Assets/Mio/Materiales/Material1 1.physicMaterial using Guid(16332498d60e56b4f940fe9f76a07206) Importer(815301076,1909f56bfc062723c751e8b465ee728b)  -> (artifact id: '137212377fc47e6115501fe92ba99c61') in 0.044973 seconds
  Import took 0.052813 seconds .

========================================================================
Received Import Request.
  Time since last request: 0.000863 seconds.
  path: Assets/Mio/Materiales/Azul.mat
  artifactKey: Guid(41b5e8e6b085ac84b8024e9f6a6ffd25) Importer(815301076,1909f56bfc062723c751e8b465ee728b)
Start importing Assets/Mio/Materiales/Azul.mat using Guid(41b5e8e6b085ac84b8024e9f6a6ffd25) Importer(815301076,1909f56bfc062723c751e8b465ee728b)  -> (artifact id: 'b457332333a938e748c7db1ebdbb3aa7') in 0.072488 seconds
  Import took 0.081218 seconds .

========================================================================
Received Import Request.
  Time since last request: 0.000929 seconds.
  path: Assets/Mio/Materiales/Verde.mat
  artifactKey: Guid(071ef96591ac39544938fb95a09d4ffa) Importer(815301076,1909f56bfc062723c751e8b465ee728b)
Start importing Assets/Mio/Materiales/Verde.mat using Guid(071ef96591ac39544938fb95a09d4ffa) Importer(815301076,1909f56bfc062723c751e8b465ee728b)  -> (artifact id: '2b9a503f46e1733aa15bbbb6856935fb') in 0.070213 seconds
  Import took 0.077149 seconds .

========================================================================
Received Import Request.
  Time since last request: 0.533236 seconds.
  path: Assets/Mio/Materiales/Material1 1.physicMaterial
  artifactKey: Guid(16332498d60e56b4f940fe9f76a07206) Importer(815301076,1909f56bfc062723c751e8b465ee728b)
Start importing Assets/Mio/Materiales/Material1 1.physicMaterial using Guid(16332498d60e56b4f940fe9f76a07206) Importer(815301076,1909f56bfc062723c751e8b465ee728b)  -> (artifact id: '6c2014a8a61ed7ec7fa25aeb1b0f9ff0') in 0.015857 seconds
  Import took 0.032274 seconds .

========================================================================
Received Import Request.
  Time since last request: 0.000843 seconds.
  path: Assets/Mio/Materiales/Material1 2.physicMaterial
  artifactKey: Guid(79592414fdbadf7409000200f46807b3) Importer(815301076,1909f56bfc062723c751e8b465ee728b)
Start importing Assets/Mio/Materiales/Material1 2.physicMaterial using Guid(79592414fdbadf7409000200f46807b3) Importer(815301076,1909f56bfc062723c751e8b465ee728b)  -> (artifact id: '97fe0c162f71595035e28f7f2003b2e2') in 0.033246 seconds
  Import took 0.039840 seconds .

========================================================================
Received Import Request.
  Time since last request: 5.323064 seconds.
  path: Assets/Mio/Materiales/Material2.physicMaterial
  artifactKey: Guid(79592414fdbadf7409000200f46807b3) Importer(815301076,1909f56bfc062723c751e8b465ee728b)
Start importing Assets/Mio/Materiales/Material2.physicMaterial using Guid(79592414fdbadf7409000200f46807b3) Importer(815301076,1909f56bfc062723c751e8b465ee728b)  -> (artifact id: '52532cb1e6d5fcecac872a0c113e5e7b') in 0.044726 seconds
  Import took 0.059530 seconds .

========================================================================
Received Import Request.
  Time since last request: 5.225916 seconds.
  path: Assets/Mio/Materiales/Material3.physicMaterial
  artifactKey: Guid(16332498d60e56b4f940fe9f76a07206) Importer(815301076,1909f56bfc062723c751e8b465ee728b)
Start importing Assets/Mio/Materiales/Material3.physicMaterial using Guid(16332498d60e56b4f940fe9f76a07206) Importer(815301076,1909f56bfc062723c751e8b465ee728b)  -> (artifact id: 'b87f129c289b878b6e9bef61a7178a04') in 0.031652 seconds
  Import took 0.035180 seconds .

========================================================================
Received Prepare
Registering precompiled user dll's ...
Registered in 0.001489 seconds.
Begin MonoManager ReloadAssembly
Native extension for WindowsStandalone target not found
Refreshing native plugins compatible for Editor in 0.66 ms, found 0 plugins.
Preloading 0 native plugins for Editor in 0.00 ms.
Invoked RoslynAnalysisRunner static constructor.
RoslynAnalysisRunner will not be running.
RoslynAnalysisRunner has terminated.
Mono: successfully reloaded assembly
- Completed reload, in  2.764 seconds
Platform modules already initialized, skipping
Refreshing native plugins compatible for Editor in 0.46 ms, found 0 plugins.
Preloading 0 native plugins for Editor in 0.00 ms.
Unloading 1091 Unused Serialized files (Serialized files now loaded: 0)
System memory in use before: 60.5 MB.
System memory in use after: 60.6 MB.

Unloading 5 unused Assets to reduce memory usage. Loaded Objects now: 1599.
Total: 4.137300 ms (FindLiveObjects: 0.383300 ms CreateObjectMapping: 0.282300 ms MarkObjects: 3.385300 ms  DeleteObjects: 0.083800 ms)

========================================================================
Received Import Request.
  Time since last request: 592.384074 seconds.
  path: Assets/Mio/Scripts/Scr_Bola.cs
  artifactKey: Guid(bb8f4ad1f587f5947855f466573d99fc) Importer(815301076,1909f56bfc062723c751e8b465ee728b)
Start importing Assets/Mio/Scripts/Scr_Bola.cs using Guid(bb8f4ad1f587f5947855f466573d99fc) Importer(815301076,1909f56bfc062723c751e8b465ee728b)  -> (artifact id: 'faa185aa9235f7ec5cdde8a7bd67081a') in 0.112802 seconds
  Import took 0.147683 seconds .

========================================================================
Received Prepare
Registering precompiled user dll's ...
Registered in 0.001667 seconds.
Begin MonoManager ReloadAssembly
Native extension for WindowsStandalone target not found
Refreshing native plugins compatible for Editor in 0.30 ms, found 0 plugins.
Preloading 0 native plugins for Editor in 0.00 ms.
Invoked RoslynAnalysisRunner static constructor.
RoslynAnalysisRunner will not be running.
RoslynAnalysisRunner has terminated.
Mono: successfully reloaded assembly
- Completed reload, in  1.403 seconds
Platform modules already initialized, skipping
Refreshing native plugins compatible for Editor in 0.28 ms, found 0 plugins.
Preloading 0 native plugins for Editor in 0.00 ms.
Unloading 1089 Unused Serialized files (Serialized files now loaded: 0)
System memory in use before: 60.6 MB.
System memory in use after: 60.7 MB.

Unloading 7 unused Assets to reduce memory usage. Loaded Objects now: 1599.
Total: 2.626300 ms (FindLiveObjects: 0.215400 ms CreateObjectMapping: 0.071400 ms MarkObjects: 2.276400 ms  DeleteObjects: 0.061500 ms)

========================================================================
Received Prepare
Registering precompiled user dll's ...
Registered in 0.001270 seconds.
Begin MonoManager ReloadAssembly
Native extension for WindowsStandalone target not found
Refreshing native plugins compatible for Editor in 0.29 ms, found 0 plugins.
Preloading 0 native plugins for Editor in 0.00 ms.
Invoked RoslynAnalysisRunner static constructor.
RoslynAnalysisRunner will not be running.
RoslynAnalysisRunner has terminated.
Mono: successfully reloaded assembly
- Completed reload, in  1.657 seconds
Platform modules already initialized, skipping
Refreshing native plugins compatible for Editor in 0.28 ms, found 0 plugins.
Preloading 0 native plugins for Editor in 0.00 ms.
Unloading 1089 Unused Serialized files (Serialized files now loaded: 0)
System memory in use before: 60.6 MB.
System memory in use after: 60.7 MB.

Unloading 5 unused Assets to reduce memory usage. Loaded Objects now: 1601.
Total: 2.886600 ms (FindLiveObjects: 0.307900 ms CreateObjectMapping: 0.101100 ms MarkObjects: 2.407200 ms  DeleteObjects: 0.068600 ms)

========================================================================
Received Prepare
Registering precompiled user dll's ...
Registered in 0.001285 seconds.
Begin MonoManager ReloadAssembly
Native extension for WindowsStandalone target not found
Refreshing native plugins compatible for Editor in 0.28 ms, found 0 plugins.
Preloading 0 native plugins for Editor in 0.00 ms.
Invoked RoslynAnalysisRunner static constructor.
RoslynAnalysisRunner will not be running.
RoslynAnalysisRunner has terminated.
Mono: successfully reloaded assembly
- Completed reload, in  1.849 seconds
Platform modules already initialized, skipping
Refreshing native plugins compatible for Editor in 0.29 ms, found 0 plugins.
Preloading 0 native plugins for Editor in 0.00 ms.
Unloading 1089 Unused Serialized files (Serialized files now loaded: 0)
System memory in use before: 60.8 MB.
System memory in use after: 60.8 MB.

Unloading 5 unused Assets to reduce memory usage. Loaded Objects now: 1603.
Total: 2.916700 ms (FindLiveObjects: 0.326700 ms CreateObjectMapping: 0.083500 ms MarkObjects: 2.429000 ms  DeleteObjects: 0.075100 ms)

AssetImportWorkerClient::OnTransportError - code=2 error=End of file
